2021-06-21 23:40:24,323:INFO:PyCaret Supervised Module
2021-06-21 23:40:24,323:INFO:ML Usecase: regression
2021-06-21 23:40:24,323:INFO:version 2.3.1
2021-06-21 23:40:24,324:INFO:Initializing setup()
2021-06-21 23:40:24,324:INFO:setup(target=target, ml_usecase=regression, available_plots={'parameter': 'Hyperparameters', 'residuals': 'Residuals', 'error': 'Prediction Error', 'cooks': 'Cooks Distance', 'rfe': 'Feature Selection', 'learning': 'Learning Curve', 'manifold': 'Manifold Learning', 'vc': 'Validation Curve', 'feature': 'Feature Importance', 'feature_all': 'Feature Importance (All)', 'tree': 'Decision Tree', 'residuals_interactive': 'Interactive Residuals'}, train_size=0.8, test_data=None, preprocess=True, imputation_type=simple, iterative_imputation_iters=5, categorical_features=None, categorical_imputation=constant, categorical_iterative_imputer=lightgbm, ordinal_features=None, high_cardinality_features=None, high_cardinality_method=frequency, numeric_features=None, numeric_imputation=mean, numeric_iterative_imputer=lightgbm, date_features=None, ignore_features=None, normalize=False, normalize_method=zscore, transformation=False, transformation_method=yeo-johnson, handle_unknown_categorical=True, unknown_categorical_method=least_frequent, pca=False, pca_method=linear, pca_components=None, ignore_low_variance=False, combine_rare_levels=False, rare_level_threshold=0.1, bin_numeric_features=None, remove_outliers=False, outliers_threshold=0.05, remove_multicollinearity=False, multicollinearity_threshold=0.9, remove_perfect_collinearity=True, create_clusters=False, cluster_iter=20, polynomial_features=False, polynomial_degree=2, trigonometry_features=False, polynomial_threshold=0.1, group_features=None, group_names=None, feature_selection=False, feature_selection_threshold=0.8, feature_selection_method=classic, feature_interaction=False, feature_ratio=False, interaction_threshold=0.01, fix_imbalance=False, fix_imbalance_method=None, transform_target=False, transform_target_method=box-cox, data_split_shuffle=True, data_split_stratify=False, fold_strategy=kfold, fold=10, fold_shuffle=False, fold_groups=None, n_jobs=-1, use_gpu=False, custom_pipeline=None, html=True, session_id=42, log_experiment=False, experiment_name=None, log_plots=False, log_profile=False, log_data=False, silent=False, verbose=True, profile=False, profile_kwargs=None, display=None)
2021-06-21 23:40:24,324:INFO:Checking environment
2021-06-21 23:40:24,324:INFO:python_version: 3.8.0
2021-06-21 23:40:24,324:INFO:python_build: ('default', 'Nov  6 2019 16:00:02')
2021-06-21 23:40:24,324:INFO:machine: AMD64
2021-06-21 23:40:24,324:INFO:platform: Windows-10-10.0.19041-SP0
2021-06-21 23:40:24,324:INFO:Memory: svmem(total=34266161152, available=20507308032, percent=40.2, used=13758853120, free=20507308032)
2021-06-21 23:40:24,324:INFO:Physical Core: 12
2021-06-21 23:40:24,324:INFO:Logical Core: 24
2021-06-21 23:40:24,324:INFO:Checking libraries
2021-06-21 23:40:24,325:INFO:pd==1.2.4
2021-06-21 23:40:24,325:INFO:numpy==1.19.5
2021-06-21 23:40:24,325:INFO:sklearn==0.23.2
2021-06-21 23:40:24,325:INFO:lightgbm==3.2.0
2021-06-21 23:40:25,182:INFO:catboost==0.25
2021-06-21 23:40:27,038:INFO:xgboost==1.3.3
2021-06-21 23:40:27,425:INFO:mlflow==1.17.0
2021-06-21 23:40:27,426:INFO:Checking Exceptions
2021-06-21 23:40:27,426:INFO:Declaring global variables
2021-06-21 23:40:27,426:INFO:USI: 6814
2021-06-21 23:40:27,426:INFO:pycaret_globals: {'n_jobs_param', '_internal_pipeline', 'prep_pipe', 'fix_imbalance_param', 'fold_groups_param', 'USI', 'log_plots_param', 'stratify_param', 'display_container', 'fold_generator', '_gpu_n_jobs_param', 'html_param', '_available_plots', 'fold_groups_param_full', '_ml_usecase', '_all_models_internal', '_all_metrics', 'exp_name_log', 'X', 'transform_target_method_param', 'fix_imbalance_method_param', 'y_test', 'data_before_preprocess', 'master_model_container', 'y', 'imputation_classifier', 'X_test', 'seed', '_all_models', 'gpu_param', 'iterative_imputation_iters_param', 'fold_shuffle_param', 'experiment__', 'fold_param', 'X_train', 'y_train', 'pycaret_globals', 'transform_target_param', 'logging_param', 'target_param', 'create_model_container', 'imputation_regressor'}
2021-06-21 23:40:27,426:INFO:Preparing display monitor
2021-06-21 23:40:27,426:INFO:Preparing display monitor
2021-06-21 23:40:27,434:INFO:Importing libraries
2021-06-21 23:40:27,434:INFO:Copying data for preprocessing
2021-06-21 23:40:27,439:INFO:Declaring preprocessing parameters
2021-06-21 23:40:27,440:INFO:Creating preprocessing pipeline
2021-06-21 23:40:27,446:INFO:Preprocessing pipeline created successfully
2021-06-21 23:40:27,447:ERROR:(Process Exit): setup has been interupted with user command 'quit'. setup must rerun.
2021-06-21 23:40:27,447:INFO:Creating global containers
2021-06-21 23:40:27,448:INFO:Internal pipeline: Pipeline(memory=None, steps=[('empty_step', 'passthrough')], verbose=False)
2021-06-21 23:40:37,172:INFO:Creating grid variables
2021-06-21 23:40:37,185:INFO:create_model_container: 0
2021-06-21 23:40:37,186:INFO:master_model_container: 0
2021-06-21 23:40:37,186:INFO:display_container: 1
2021-06-21 23:40:37,189:INFO:Pipeline(memory=None,
         steps=[('dtypes',
                 DataTypes_Auto_infer(categorical_features=[],
                                      display_types=True, features_todrop=[],
                                      id_columns=[], ml_usecase='regression',
                                      numerical_features=[], target='target',
                                      time_features=[])),
                ('imputer',
                 Simple_Imputer(categorical_strategy='not_available',
                                fill_value_categorical=None,
                                fill_value_numerical=None,
                                numeric_strategy=...
                ('scaling', 'passthrough'), ('P_transform', 'passthrough'),
                ('binn', 'passthrough'), ('rem_outliers', 'passthrough'),
                ('cluster_all', 'passthrough'),
                ('dummy', Dummify(target='target')),
                ('fix_perfect', Remove_100(target='target')),
                ('clean_names', Clean_Colum_Names()),
                ('feature_select', 'passthrough'), ('fix_multi', 'passthrough'),
                ('dfs', 'passthrough'), ('pca', 'passthrough')],
         verbose=False)
2021-06-21 23:40:37,189:INFO:setup() succesfully completed......................................
2021-06-21 23:40:46,234:INFO:Initializing compare_models()
2021-06-21 23:40:46,234:INFO:compare_models(include=None, fold=None, round=4, cross_validation=True, sort=mse, n_select=1, budget_time=None, turbo=True, errors=ignore, fit_kwargs=None, groups=None, verbose=True, display=None, exclude=['svm', 'ridge'])
2021-06-21 23:40:46,234:INFO:Checking exceptions
2021-06-21 23:40:46,235:INFO:Preparing display monitor
2021-06-21 23:40:46,235:INFO:Preparing display monitor
2021-06-21 23:40:46,253:INFO:Initializing Linear Regression
2021-06-21 23:40:46,253:INFO:Total runtime is 0.0 minutes
2021-06-21 23:40:46,258:INFO:SubProcess create_model() called ==================================
2021-06-21 23:40:46,258:INFO:Initializing create_model()
2021-06-21 23:40:46,258:INFO:create_model(estimator=lr, fold=KFold(n_splits=10, random_state=None, shuffle=False), round=4, cross_validation=True, predict=True, fit_kwargs={}, groups=None, refit=False, verbose=False, system=False, metrics=None, display=<pycaret.internal.Display.Display object at 0x000001507FE9A4C0>, kwargs={})
2021-06-21 23:40:46,258:INFO:Checking exceptions
2021-06-21 23:40:46,258:INFO:Importing libraries
2021-06-21 23:40:46,258:INFO:Copying training dataset
2021-06-21 23:40:46,259:INFO:Defining folds
2021-06-21 23:40:46,259:INFO:Declaring metric variables
2021-06-21 23:40:46,263:INFO:Importing untrained model
2021-06-21 23:40:46,268:INFO:Linear Regression Imported succesfully
2021-06-21 23:40:46,278:INFO:Starting cross validation
2021-06-21 23:40:46,281:INFO:Cross validating with KFold(n_splits=10, random_state=None, shuffle=False), n_jobs=-1
2021-06-21 23:40:52,317:INFO:Calculating mean and std
2021-06-21 23:40:52,318:INFO:Creating metrics dataframe
2021-06-21 23:40:52,321:INFO:Uploading results into container
2021-06-21 23:40:52,321:INFO:Uploading model into container now
2021-06-21 23:40:52,322:INFO:create_model_container: 1
2021-06-21 23:40:52,322:INFO:master_model_container: 1
2021-06-21 23:40:52,322:INFO:display_container: 2
2021-06-21 23:40:52,322:INFO:LinearRegression(copy_X=True, fit_intercept=True, n_jobs=-1, normalize=False)
2021-06-21 23:40:52,322:INFO:create_model() succesfully completed......................................
2021-06-21 23:40:52,422:INFO:SubProcess create_model() end ==================================
2021-06-21 23:40:52,422:INFO:Creating metrics dataframe
2021-06-21 23:40:52,432:INFO:Initializing Lasso Regression
2021-06-21 23:40:52,432:INFO:Total runtime is 0.102983291943868 minutes
2021-06-21 23:40:52,438:INFO:SubProcess create_model() called ==================================
2021-06-21 23:40:52,439:INFO:Initializing create_model()
2021-06-21 23:40:52,439:INFO:create_model(estimator=lasso, fold=KFold(n_splits=10, random_state=None, shuffle=False), round=4, cross_validation=True, predict=True, fit_kwargs={}, groups=None, refit=False, verbose=False, system=False, metrics=None, display=<pycaret.internal.Display.Display object at 0x000001507FE9A4C0>, kwargs={})
2021-06-21 23:40:52,439:INFO:Checking exceptions
2021-06-21 23:40:52,439:INFO:Importing libraries
2021-06-21 23:40:52,439:INFO:Copying training dataset
2021-06-21 23:40:52,440:INFO:Defining folds
2021-06-21 23:40:52,440:INFO:Declaring metric variables
2021-06-21 23:40:52,445:INFO:Importing untrained model
2021-06-21 23:40:52,450:INFO:Lasso Regression Imported succesfully
2021-06-21 23:40:52,461:INFO:Starting cross validation
2021-06-21 23:40:52,461:INFO:Cross validating with KFold(n_splits=10, random_state=None, shuffle=False), n_jobs=-1
2021-06-21 23:40:56,543:INFO:Calculating mean and std
2021-06-21 23:40:56,544:INFO:Creating metrics dataframe
2021-06-21 23:40:56,547:INFO:Uploading results into container
2021-06-21 23:40:56,547:INFO:Uploading model into container now
2021-06-21 23:40:56,548:INFO:create_model_container: 2
2021-06-21 23:40:56,548:INFO:master_model_container: 2
2021-06-21 23:40:56,548:INFO:display_container: 2
2021-06-21 23:40:56,548:INFO:Lasso(alpha=1.0, copy_X=True, fit_intercept=True, max_iter=1000,
      normalize=False, positive=False, precompute=False, random_state=42,
      selection='cyclic', tol=0.0001, warm_start=False)
2021-06-21 23:40:56,548:INFO:create_model() succesfully completed......................................
2021-06-21 23:40:56,641:INFO:SubProcess create_model() end ==================================
2021-06-21 23:40:56,641:INFO:Creating metrics dataframe
2021-06-21 23:40:56,653:INFO:Initializing Elastic Net
2021-06-21 23:40:56,653:INFO:Total runtime is 0.1733333071072896 minutes
2021-06-21 23:40:56,659:INFO:SubProcess create_model() called ==================================
2021-06-21 23:40:56,659:INFO:Initializing create_model()
2021-06-21 23:40:56,659:INFO:create_model(estimator=en, fold=KFold(n_splits=10, random_state=None, shuffle=False), round=4, cross_validation=True, predict=True, fit_kwargs={}, groups=None, refit=False, verbose=False, system=False, metrics=None, display=<pycaret.internal.Display.Display object at 0x000001507FE9A4C0>, kwargs={})
2021-06-21 23:40:56,659:INFO:Checking exceptions
2021-06-21 23:40:56,660:INFO:Importing libraries
2021-06-21 23:40:56,660:INFO:Copying training dataset
2021-06-21 23:40:56,660:INFO:Defining folds
2021-06-21 23:40:56,660:INFO:Declaring metric variables
2021-06-21 23:40:56,665:INFO:Importing untrained model
2021-06-21 23:40:56,670:INFO:Elastic Net Imported succesfully
2021-06-21 23:40:56,681:INFO:Starting cross validation
2021-06-21 23:40:56,681:INFO:Cross validating with KFold(n_splits=10, random_state=None, shuffle=False), n_jobs=-1
2021-06-21 23:40:59,364:INFO:Calculating mean and std
2021-06-21 23:40:59,364:INFO:Creating metrics dataframe
2021-06-21 23:40:59,368:INFO:Uploading results into container
2021-06-21 23:40:59,368:INFO:Uploading model into container now
2021-06-21 23:40:59,368:INFO:create_model_container: 3
2021-06-21 23:40:59,368:INFO:master_model_container: 3
2021-06-21 23:40:59,368:INFO:display_container: 2
2021-06-21 23:40:59,368:INFO:ElasticNet(alpha=1.0, copy_X=True, fit_intercept=True, l1_ratio=0.5,
           max_iter=1000, normalize=False, positive=False, precompute=False,
           random_state=42, selection='cyclic', tol=0.0001, warm_start=False)
2021-06-21 23:40:59,368:INFO:create_model() succesfully completed......................................
2021-06-21 23:40:59,454:INFO:SubProcess create_model() end ==================================
2021-06-21 23:40:59,454:INFO:Creating metrics dataframe
2021-06-21 23:40:59,465:INFO:Initializing Least Angle Regression
2021-06-21 23:40:59,465:INFO:Total runtime is 0.22019998629887896 minutes
2021-06-21 23:40:59,471:INFO:SubProcess create_model() called ==================================
2021-06-21 23:40:59,471:INFO:Initializing create_model()
2021-06-21 23:40:59,471:INFO:create_model(estimator=lar, fold=KFold(n_splits=10, random_state=None, shuffle=False), round=4, cross_validation=True, predict=True, fit_kwargs={}, groups=None, refit=False, verbose=False, system=False, metrics=None, display=<pycaret.internal.Display.Display object at 0x000001507FE9A4C0>, kwargs={})
2021-06-21 23:40:59,471:INFO:Checking exceptions
2021-06-21 23:40:59,471:INFO:Importing libraries
2021-06-21 23:40:59,471:INFO:Copying training dataset
2021-06-21 23:40:59,472:INFO:Defining folds
2021-06-21 23:40:59,472:INFO:Declaring metric variables
2021-06-21 23:40:59,477:INFO:Importing untrained model
2021-06-21 23:40:59,483:INFO:Least Angle Regression Imported succesfully
2021-06-21 23:40:59,493:INFO:Starting cross validation
2021-06-21 23:40:59,493:INFO:Cross validating with KFold(n_splits=10, random_state=None, shuffle=False), n_jobs=-1
2021-06-21 23:40:59,530:INFO:Calculating mean and std
2021-06-21 23:40:59,530:INFO:Creating metrics dataframe
2021-06-21 23:40:59,533:INFO:Uploading results into container
2021-06-21 23:40:59,533:INFO:Uploading model into container now
2021-06-21 23:40:59,533:INFO:create_model_container: 4
2021-06-21 23:40:59,533:INFO:master_model_container: 4
2021-06-21 23:40:59,534:INFO:display_container: 2
2021-06-21 23:40:59,534:INFO:Lars(copy_X=True, eps=2.220446049250313e-16, fit_intercept=True, fit_path=True,
     jitter=None, n_nonzero_coefs=500, normalize=True, precompute='auto',
     random_state=42, verbose=False)
2021-06-21 23:40:59,534:INFO:create_model() succesfully completed......................................
2021-06-21 23:40:59,613:INFO:SubProcess create_model() end ==================================
2021-06-21 23:40:59,613:INFO:Creating metrics dataframe
2021-06-21 23:40:59,625:INFO:Initializing Lasso Least Angle Regression
2021-06-21 23:40:59,625:INFO:Total runtime is 0.22286700805028278 minutes
2021-06-21 23:40:59,630:INFO:SubProcess create_model() called ==================================
2021-06-21 23:40:59,631:INFO:Initializing create_model()
2021-06-21 23:40:59,631:INFO:create_model(estimator=llar, fold=KFold(n_splits=10, random_state=None, shuffle=False), round=4, cross_validation=True, predict=True, fit_kwargs={}, groups=None, refit=False, verbose=False, system=False, metrics=None, display=<pycaret.internal.Display.Display object at 0x000001507FE9A4C0>, kwargs={})
2021-06-21 23:40:59,631:INFO:Checking exceptions
2021-06-21 23:40:59,631:INFO:Importing libraries
2021-06-21 23:40:59,631:INFO:Copying training dataset
2021-06-21 23:40:59,631:INFO:Defining folds
2021-06-21 23:40:59,632:INFO:Declaring metric variables
2021-06-21 23:40:59,636:INFO:Importing untrained model
2021-06-21 23:40:59,641:INFO:Lasso Least Angle Regression Imported succesfully
2021-06-21 23:40:59,651:INFO:Starting cross validation
2021-06-21 23:40:59,652:INFO:Cross validating with KFold(n_splits=10, random_state=None, shuffle=False), n_jobs=-1
2021-06-21 23:40:59,685:INFO:Calculating mean and std
2021-06-21 23:40:59,686:INFO:Creating metrics dataframe
2021-06-21 23:40:59,689:INFO:Uploading results into container
2021-06-21 23:40:59,689:INFO:Uploading model into container now
2021-06-21 23:40:59,689:INFO:create_model_container: 5
2021-06-21 23:40:59,689:INFO:master_model_container: 5
2021-06-21 23:40:59,689:INFO:display_container: 2
2021-06-21 23:40:59,690:INFO:LassoLars(alpha=1.0, copy_X=True, eps=2.220446049250313e-16, fit_intercept=True,
          fit_path=True, jitter=None, max_iter=500, normalize=True,
          positive=False, precompute='auto', random_state=42, verbose=False)
2021-06-21 23:40:59,690:INFO:create_model() succesfully completed......................................
2021-06-21 23:40:59,768:INFO:SubProcess create_model() end ==================================
2021-06-21 23:40:59,769:INFO:Creating metrics dataframe
2021-06-21 23:40:59,780:INFO:Initializing Orthogonal Matching Pursuit
2021-06-21 23:40:59,780:INFO:Total runtime is 0.22545032501220702 minutes
2021-06-21 23:40:59,786:INFO:SubProcess create_model() called ==================================
2021-06-21 23:40:59,786:INFO:Initializing create_model()
2021-06-21 23:40:59,786:INFO:create_model(estimator=omp, fold=KFold(n_splits=10, random_state=None, shuffle=False), round=4, cross_validation=True, predict=True, fit_kwargs={}, groups=None, refit=False, verbose=False, system=False, metrics=None, display=<pycaret.internal.Display.Display object at 0x000001507FE9A4C0>, kwargs={})
2021-06-21 23:40:59,786:INFO:Checking exceptions
2021-06-21 23:40:59,786:INFO:Importing libraries
2021-06-21 23:40:59,786:INFO:Copying training dataset
2021-06-21 23:40:59,787:INFO:Defining folds
2021-06-21 23:40:59,787:INFO:Declaring metric variables
2021-06-21 23:40:59,791:INFO:Importing untrained model
2021-06-21 23:40:59,796:INFO:Orthogonal Matching Pursuit Imported succesfully
2021-06-21 23:40:59,806:INFO:Starting cross validation
2021-06-21 23:40:59,806:INFO:Cross validating with KFold(n_splits=10, random_state=None, shuffle=False), n_jobs=-1
2021-06-21 23:40:59,838:INFO:Calculating mean and std
2021-06-21 23:40:59,839:INFO:Creating metrics dataframe
2021-06-21 23:40:59,842:INFO:Uploading results into container
2021-06-21 23:40:59,842:INFO:Uploading model into container now
2021-06-21 23:40:59,842:INFO:create_model_container: 6
2021-06-21 23:40:59,842:INFO:master_model_container: 6
2021-06-21 23:40:59,842:INFO:display_container: 2
2021-06-21 23:40:59,842:INFO:OrthogonalMatchingPursuit(fit_intercept=True, n_nonzero_coefs=None,
                          normalize=True, precompute='auto', tol=None)
2021-06-21 23:40:59,842:INFO:create_model() succesfully completed......................................
2021-06-21 23:40:59,921:INFO:SubProcess create_model() end ==================================
2021-06-21 23:40:59,921:INFO:Creating metrics dataframe
2021-06-21 23:40:59,933:INFO:Initializing Bayesian Ridge
2021-06-21 23:40:59,933:INFO:Total runtime is 0.22800033887227375 minutes
2021-06-21 23:40:59,939:INFO:SubProcess create_model() called ==================================
2021-06-21 23:40:59,939:INFO:Initializing create_model()
2021-06-21 23:40:59,939:INFO:create_model(estimator=br, fold=KFold(n_splits=10, random_state=None, shuffle=False), round=4, cross_validation=True, predict=True, fit_kwargs={}, groups=None, refit=False, verbose=False, system=False, metrics=None, display=<pycaret.internal.Display.Display object at 0x000001507FE9A4C0>, kwargs={})
2021-06-21 23:40:59,939:INFO:Checking exceptions
2021-06-21 23:40:59,939:INFO:Importing libraries
2021-06-21 23:40:59,939:INFO:Copying training dataset
2021-06-21 23:40:59,940:INFO:Defining folds
2021-06-21 23:40:59,940:INFO:Declaring metric variables
2021-06-21 23:40:59,945:INFO:Importing untrained model
2021-06-21 23:40:59,950:INFO:Bayesian Ridge Imported succesfully
2021-06-21 23:40:59,960:INFO:Starting cross validation
2021-06-21 23:40:59,961:INFO:Cross validating with KFold(n_splits=10, random_state=None, shuffle=False), n_jobs=-1
2021-06-21 23:40:59,994:INFO:Calculating mean and std
2021-06-21 23:40:59,995:INFO:Creating metrics dataframe
2021-06-21 23:40:59,998:INFO:Uploading results into container
2021-06-21 23:40:59,998:INFO:Uploading model into container now
2021-06-21 23:40:59,998:INFO:create_model_container: 7
2021-06-21 23:40:59,998:INFO:master_model_container: 7
2021-06-21 23:40:59,998:INFO:display_container: 2
2021-06-21 23:40:59,999:INFO:BayesianRidge(alpha_1=1e-06, alpha_2=1e-06, alpha_init=None,
              compute_score=False, copy_X=True, fit_intercept=True,
              lambda_1=1e-06, lambda_2=1e-06, lambda_init=None, n_iter=300,
              normalize=False, tol=0.001, verbose=False)
2021-06-21 23:40:59,999:INFO:create_model() succesfully completed......................................
2021-06-21 23:41:00,079:INFO:SubProcess create_model() end ==================================
2021-06-21 23:41:00,079:INFO:Creating metrics dataframe
2021-06-21 23:41:00,091:INFO:Initializing Passive Aggressive Regressor
2021-06-21 23:41:00,092:INFO:Total runtime is 0.23065033356348671 minutes
2021-06-21 23:41:00,097:INFO:SubProcess create_model() called ==================================
2021-06-21 23:41:00,097:INFO:Initializing create_model()
2021-06-21 23:41:00,097:INFO:create_model(estimator=par, fold=KFold(n_splits=10, random_state=None, shuffle=False), round=4, cross_validation=True, predict=True, fit_kwargs={}, groups=None, refit=False, verbose=False, system=False, metrics=None, display=<pycaret.internal.Display.Display object at 0x000001507FE9A4C0>, kwargs={})
2021-06-21 23:41:00,097:INFO:Checking exceptions
2021-06-21 23:41:00,097:INFO:Importing libraries
2021-06-21 23:41:00,097:INFO:Copying training dataset
2021-06-21 23:41:00,098:INFO:Defining folds
2021-06-21 23:41:00,098:INFO:Declaring metric variables
2021-06-21 23:41:00,103:INFO:Importing untrained model
2021-06-21 23:41:00,108:INFO:Passive Aggressive Regressor Imported succesfully
2021-06-21 23:41:00,118:INFO:Starting cross validation
2021-06-21 23:41:00,119:INFO:Cross validating with KFold(n_splits=10, random_state=None, shuffle=False), n_jobs=-1
2021-06-21 23:41:00,156:INFO:Calculating mean and std
2021-06-21 23:41:00,157:INFO:Creating metrics dataframe
2021-06-21 23:41:00,160:INFO:Uploading results into container
2021-06-21 23:41:00,160:INFO:Uploading model into container now
2021-06-21 23:41:00,160:INFO:create_model_container: 8
2021-06-21 23:41:00,160:INFO:master_model_container: 8
2021-06-21 23:41:00,160:INFO:display_container: 2
2021-06-21 23:41:00,161:INFO:PassiveAggressiveRegressor(C=1.0, average=False, early_stopping=False,
                           epsilon=0.1, fit_intercept=True,
                           loss='epsilon_insensitive', max_iter=1000,
                           n_iter_no_change=5, random_state=42, shuffle=True,
                           tol=0.001, validation_fraction=0.1, verbose=0,
                           warm_start=False)
2021-06-21 23:41:00,161:INFO:create_model() succesfully completed......................................
2021-06-21 23:41:00,240:INFO:SubProcess create_model() end ==================================
2021-06-21 23:41:00,240:INFO:Creating metrics dataframe
2021-06-21 23:41:00,252:INFO:Initializing Huber Regressor
2021-06-21 23:41:00,252:INFO:Total runtime is 0.23331699371337888 minutes
2021-06-21 23:41:00,258:INFO:SubProcess create_model() called ==================================
2021-06-21 23:41:00,258:INFO:Initializing create_model()
2021-06-21 23:41:00,259:INFO:create_model(estimator=huber, fold=KFold(n_splits=10, random_state=None, shuffle=False), round=4, cross_validation=True, predict=True, fit_kwargs={}, groups=None, refit=False, verbose=False, system=False, metrics=None, display=<pycaret.internal.Display.Display object at 0x000001507FE9A4C0>, kwargs={})
2021-06-21 23:41:00,259:INFO:Checking exceptions
2021-06-21 23:41:00,259:INFO:Importing libraries
2021-06-21 23:41:00,259:INFO:Copying training dataset
2021-06-21 23:41:00,259:INFO:Defining folds
2021-06-21 23:41:00,259:INFO:Declaring metric variables
2021-06-21 23:41:00,264:INFO:Importing untrained model
2021-06-21 23:41:00,269:INFO:Huber Regressor Imported succesfully
2021-06-21 23:41:00,280:INFO:Starting cross validation
2021-06-21 23:41:00,280:INFO:Cross validating with KFold(n_splits=10, random_state=None, shuffle=False), n_jobs=-1
2021-06-21 23:41:00,340:INFO:Calculating mean and std
2021-06-21 23:41:00,341:INFO:Creating metrics dataframe
2021-06-21 23:41:00,344:INFO:Uploading results into container
2021-06-21 23:41:00,344:INFO:Uploading model into container now
2021-06-21 23:41:00,344:INFO:create_model_container: 9
2021-06-21 23:41:00,344:INFO:master_model_container: 9
2021-06-21 23:41:00,344:INFO:display_container: 2
2021-06-21 23:41:00,345:INFO:HuberRegressor(alpha=0.0001, epsilon=1.35, fit_intercept=True, max_iter=100,
               tol=1e-05, warm_start=False)
2021-06-21 23:41:00,345:INFO:create_model() succesfully completed......................................
2021-06-21 23:41:00,424:INFO:SubProcess create_model() end ==================================
2021-06-21 23:41:00,424:INFO:Creating metrics dataframe
2021-06-21 23:41:00,437:INFO:Initializing K Neighbors Regressor
2021-06-21 23:41:00,437:INFO:Total runtime is 0.2364003260930379 minutes
2021-06-21 23:41:00,443:INFO:SubProcess create_model() called ==================================
2021-06-21 23:41:00,443:INFO:Initializing create_model()
2021-06-21 23:41:00,443:INFO:create_model(estimator=knn, fold=KFold(n_splits=10, random_state=None, shuffle=False), round=4, cross_validation=True, predict=True, fit_kwargs={}, groups=None, refit=False, verbose=False, system=False, metrics=None, display=<pycaret.internal.Display.Display object at 0x000001507FE9A4C0>, kwargs={})
2021-06-21 23:41:00,443:INFO:Checking exceptions
2021-06-21 23:41:00,443:INFO:Importing libraries
2021-06-21 23:41:00,443:INFO:Copying training dataset
2021-06-21 23:41:00,444:INFO:Defining folds
2021-06-21 23:41:00,444:INFO:Declaring metric variables
2021-06-21 23:41:00,449:INFO:Importing untrained model
2021-06-21 23:41:00,454:INFO:K Neighbors Regressor Imported succesfully
2021-06-21 23:41:00,464:INFO:Starting cross validation
2021-06-21 23:41:00,464:INFO:Cross validating with KFold(n_splits=10, random_state=None, shuffle=False), n_jobs=-1
2021-06-21 23:41:00,514:INFO:Calculating mean and std
2021-06-21 23:41:00,514:INFO:Creating metrics dataframe
2021-06-21 23:41:00,517:INFO:Uploading results into container
2021-06-21 23:41:00,518:INFO:Uploading model into container now
2021-06-21 23:41:00,518:INFO:create_model_container: 10
2021-06-21 23:41:00,518:INFO:master_model_container: 10
2021-06-21 23:41:00,518:INFO:display_container: 2
2021-06-21 23:41:00,518:INFO:KNeighborsRegressor(algorithm='auto', leaf_size=30, metric='minkowski',
                    metric_params=None, n_jobs=-1, n_neighbors=5, p=2,
                    weights='uniform')
2021-06-21 23:41:00,518:INFO:create_model() succesfully completed......................................
2021-06-21 23:41:00,597:INFO:SubProcess create_model() end ==================================
2021-06-21 23:41:00,597:INFO:Creating metrics dataframe
2021-06-21 23:41:00,611:INFO:Initializing Decision Tree Regressor
2021-06-21 23:41:00,611:INFO:Total runtime is 0.2393003463745117 minutes
2021-06-21 23:41:00,616:INFO:SubProcess create_model() called ==================================
2021-06-21 23:41:00,617:INFO:Initializing create_model()
2021-06-21 23:41:00,617:INFO:create_model(estimator=dt, fold=KFold(n_splits=10, random_state=None, shuffle=False), round=4, cross_validation=True, predict=True, fit_kwargs={}, groups=None, refit=False, verbose=False, system=False, metrics=None, display=<pycaret.internal.Display.Display object at 0x000001507FE9A4C0>, kwargs={})
2021-06-21 23:41:00,617:INFO:Checking exceptions
2021-06-21 23:41:00,617:INFO:Importing libraries
2021-06-21 23:41:00,617:INFO:Copying training dataset
2021-06-21 23:41:00,617:INFO:Defining folds
2021-06-21 23:41:00,618:INFO:Declaring metric variables
2021-06-21 23:41:00,623:INFO:Importing untrained model
2021-06-21 23:41:00,627:INFO:Decision Tree Regressor Imported succesfully
2021-06-21 23:41:00,638:INFO:Starting cross validation
2021-06-21 23:41:00,638:INFO:Cross validating with KFold(n_splits=10, random_state=None, shuffle=False), n_jobs=-1
2021-06-21 23:41:00,677:INFO:Calculating mean and std
2021-06-21 23:41:00,677:INFO:Creating metrics dataframe
2021-06-21 23:41:00,680:INFO:Uploading results into container
2021-06-21 23:41:00,681:INFO:Uploading model into container now
2021-06-21 23:41:00,681:INFO:create_model_container: 11
2021-06-21 23:41:00,681:INFO:master_model_container: 11
2021-06-21 23:41:00,681:INFO:display_container: 2
2021-06-21 23:41:00,681:INFO:DecisionTreeRegressor(ccp_alpha=0.0, criterion='mse', max_depth=None,
                      max_features=None, max_leaf_nodes=None,
                      min_impurity_decrease=0.0, min_impurity_split=None,
                      min_samples_leaf=1, min_samples_split=2,
                      min_weight_fraction_leaf=0.0, presort='deprecated',
                      random_state=42, splitter='best')
2021-06-21 23:41:00,681:INFO:create_model() succesfully completed......................................
2021-06-21 23:41:00,762:INFO:SubProcess create_model() end ==================================
2021-06-21 23:41:00,762:INFO:Creating metrics dataframe
2021-06-21 23:41:00,775:INFO:Initializing Random Forest Regressor
2021-06-21 23:41:00,776:INFO:Total runtime is 0.24205033381779986 minutes
2021-06-21 23:41:00,781:INFO:SubProcess create_model() called ==================================
2021-06-21 23:41:00,781:INFO:Initializing create_model()
2021-06-21 23:41:00,782:INFO:create_model(estimator=rf, fold=KFold(n_splits=10, random_state=None, shuffle=False), round=4, cross_validation=True, predict=True, fit_kwargs={}, groups=None, refit=False, verbose=False, system=False, metrics=None, display=<pycaret.internal.Display.Display object at 0x000001507FE9A4C0>, kwargs={})
2021-06-21 23:41:00,782:INFO:Checking exceptions
2021-06-21 23:41:00,782:INFO:Importing libraries
2021-06-21 23:41:00,782:INFO:Copying training dataset
2021-06-21 23:41:00,782:INFO:Defining folds
2021-06-21 23:41:00,782:INFO:Declaring metric variables
2021-06-21 23:41:00,787:INFO:Importing untrained model
2021-06-21 23:41:00,792:INFO:Random Forest Regressor Imported succesfully
2021-06-21 23:41:00,802:INFO:Starting cross validation
2021-06-21 23:41:00,803:INFO:Cross validating with KFold(n_splits=10, random_state=None, shuffle=False), n_jobs=-1
2021-06-21 23:41:01,269:INFO:Calculating mean and std
2021-06-21 23:41:01,270:INFO:Creating metrics dataframe
2021-06-21 23:41:01,274:INFO:Uploading results into container
2021-06-21 23:41:01,274:INFO:Uploading model into container now
2021-06-21 23:41:01,274:INFO:create_model_container: 12
2021-06-21 23:41:01,274:INFO:master_model_container: 12
2021-06-21 23:41:01,275:INFO:display_container: 2
2021-06-21 23:41:01,275:INFO:RandomForestRegressor(bootstrap=True, ccp_alpha=0.0, criterion='mse',
                      max_depth=None, max_features='auto', max_leaf_nodes=None,
                      max_samples=None, min_impurity_decrease=0.0,
                      min_impurity_split=None, min_samples_leaf=1,
                      min_samples_split=2, min_weight_fraction_leaf=0.0,
                      n_estimators=100, n_jobs=-1, oob_score=False,
                      random_state=42, verbose=0, warm_start=False)
2021-06-21 23:41:01,275:INFO:create_model() succesfully completed......................................
2021-06-21 23:41:01,355:INFO:SubProcess create_model() end ==================================
2021-06-21 23:41:01,355:INFO:Creating metrics dataframe
2021-06-21 23:41:01,369:INFO:Initializing Extra Trees Regressor
2021-06-21 23:41:01,369:INFO:Total runtime is 0.2519336700439453 minutes
2021-06-21 23:41:01,374:INFO:SubProcess create_model() called ==================================
2021-06-21 23:41:01,374:INFO:Initializing create_model()
2021-06-21 23:41:01,374:INFO:create_model(estimator=et, fold=KFold(n_splits=10, random_state=None, shuffle=False), round=4, cross_validation=True, predict=True, fit_kwargs={}, groups=None, refit=False, verbose=False, system=False, metrics=None, display=<pycaret.internal.Display.Display object at 0x000001507FE9A4C0>, kwargs={})
2021-06-21 23:41:01,375:INFO:Checking exceptions
2021-06-21 23:41:01,375:INFO:Importing libraries
2021-06-21 23:41:01,375:INFO:Copying training dataset
2021-06-21 23:41:01,375:INFO:Defining folds
2021-06-21 23:41:01,375:INFO:Declaring metric variables
2021-06-21 23:41:01,380:INFO:Importing untrained model
2021-06-21 23:41:01,385:INFO:Extra Trees Regressor Imported succesfully
2021-06-21 23:41:01,395:INFO:Starting cross validation
2021-06-21 23:41:01,396:INFO:Cross validating with KFold(n_splits=10, random_state=None, shuffle=False), n_jobs=-1
2021-06-21 23:41:01,828:INFO:Calculating mean and std
2021-06-21 23:41:01,829:INFO:Creating metrics dataframe
2021-06-21 23:41:01,832:INFO:Uploading results into container
2021-06-21 23:41:01,832:INFO:Uploading model into container now
2021-06-21 23:41:01,833:INFO:create_model_container: 13
2021-06-21 23:41:01,833:INFO:master_model_container: 13
2021-06-21 23:41:01,833:INFO:display_container: 2
2021-06-21 23:41:01,833:INFO:ExtraTreesRegressor(bootstrap=False, ccp_alpha=0.0, criterion='mse',
                    max_depth=None, max_features='auto', max_leaf_nodes=None,
                    max_samples=None, min_impurity_decrease=0.0,
                    min_impurity_split=None, min_samples_leaf=1,
                    min_samples_split=2, min_weight_fraction_leaf=0.0,
                    n_estimators=100, n_jobs=-1, oob_score=False,
                    random_state=42, verbose=0, warm_start=False)
2021-06-21 23:41:01,833:INFO:create_model() succesfully completed......................................
2021-06-21 23:41:01,913:INFO:SubProcess create_model() end ==================================
2021-06-21 23:41:01,913:INFO:Creating metrics dataframe
2021-06-21 23:41:01,927:INFO:Initializing AdaBoost Regressor
2021-06-21 23:41:01,927:INFO:Total runtime is 0.26123368342717485 minutes
2021-06-21 23:41:01,933:INFO:SubProcess create_model() called ==================================
2021-06-21 23:41:01,933:INFO:Initializing create_model()
2021-06-21 23:41:01,933:INFO:create_model(estimator=ada, fold=KFold(n_splits=10, random_state=None, shuffle=False), round=4, cross_validation=True, predict=True, fit_kwargs={}, groups=None, refit=False, verbose=False, system=False, metrics=None, display=<pycaret.internal.Display.Display object at 0x000001507FE9A4C0>, kwargs={})
2021-06-21 23:41:01,933:INFO:Checking exceptions
2021-06-21 23:41:01,933:INFO:Importing libraries
2021-06-21 23:41:01,934:INFO:Copying training dataset
2021-06-21 23:41:01,934:INFO:Defining folds
2021-06-21 23:41:01,934:INFO:Declaring metric variables
2021-06-21 23:41:01,939:INFO:Importing untrained model
2021-06-21 23:41:01,944:INFO:AdaBoost Regressor Imported succesfully
2021-06-21 23:41:01,954:INFO:Starting cross validation
2021-06-21 23:41:01,955:INFO:Cross validating with KFold(n_splits=10, random_state=None, shuffle=False), n_jobs=-1
2021-06-21 23:41:02,091:INFO:Calculating mean and std
2021-06-21 23:41:02,092:INFO:Creating metrics dataframe
2021-06-21 23:41:02,095:INFO:Uploading results into container
2021-06-21 23:41:02,095:INFO:Uploading model into container now
2021-06-21 23:41:02,095:INFO:create_model_container: 14
2021-06-21 23:41:02,095:INFO:master_model_container: 14
2021-06-21 23:41:02,095:INFO:display_container: 2
2021-06-21 23:41:02,096:INFO:AdaBoostRegressor(base_estimator=None, learning_rate=1.0, loss='linear',
                  n_estimators=50, random_state=42)
2021-06-21 23:41:02,096:INFO:create_model() succesfully completed......................................
2021-06-21 23:41:02,175:INFO:SubProcess create_model() end ==================================
2021-06-21 23:41:02,175:INFO:Creating metrics dataframe
2021-06-21 23:41:02,189:INFO:Initializing Gradient Boosting Regressor
2021-06-21 23:41:02,189:INFO:Total runtime is 0.26560032367706293 minutes
2021-06-21 23:41:02,195:INFO:SubProcess create_model() called ==================================
2021-06-21 23:41:02,195:INFO:Initializing create_model()
2021-06-21 23:41:02,195:INFO:create_model(estimator=gbr, fold=KFold(n_splits=10, random_state=None, shuffle=False), round=4, cross_validation=True, predict=True, fit_kwargs={}, groups=None, refit=False, verbose=False, system=False, metrics=None, display=<pycaret.internal.Display.Display object at 0x000001507FE9A4C0>, kwargs={})
2021-06-21 23:41:02,195:INFO:Checking exceptions
2021-06-21 23:41:02,195:INFO:Importing libraries
2021-06-21 23:41:02,195:INFO:Copying training dataset
2021-06-21 23:41:02,196:INFO:Defining folds
2021-06-21 23:41:02,196:INFO:Declaring metric variables
2021-06-21 23:41:02,200:INFO:Importing untrained model
2021-06-21 23:41:02,206:INFO:Gradient Boosting Regressor Imported succesfully
2021-06-21 23:41:02,216:INFO:Starting cross validation
2021-06-21 23:41:02,217:INFO:Cross validating with KFold(n_splits=10, random_state=None, shuffle=False), n_jobs=-1
2021-06-21 23:41:02,394:INFO:Calculating mean and std
2021-06-21 23:41:02,395:INFO:Creating metrics dataframe
2021-06-21 23:41:02,398:INFO:Uploading results into container
2021-06-21 23:41:02,398:INFO:Uploading model into container now
2021-06-21 23:41:02,398:INFO:create_model_container: 15
2021-06-21 23:41:02,399:INFO:master_model_container: 15
2021-06-21 23:41:02,399:INFO:display_container: 2
2021-06-21 23:41:02,399:INFO:GradientBoostingRegressor(alpha=0.9, ccp_alpha=0.0, criterion='friedman_mse',
                          init=None, learning_rate=0.1, loss='ls', max_depth=3,
                          max_features=None, max_leaf_nodes=None,
                          min_impurity_decrease=0.0, min_impurity_split=None,
                          min_samples_leaf=1, min_samples_split=2,
                          min_weight_fraction_leaf=0.0, n_estimators=100,
                          n_iter_no_change=None, presort='deprecated',
                          random_state=42, subsample=1.0, tol=0.0001,
                          validation_fraction=0.1, verbose=0, warm_start=False)
2021-06-21 23:41:02,399:INFO:create_model() succesfully completed......................................
2021-06-21 23:41:02,478:INFO:SubProcess create_model() end ==================================
2021-06-21 23:41:02,478:INFO:Creating metrics dataframe
2021-06-21 23:41:02,493:INFO:Initializing Extreme Gradient Boosting
2021-06-21 23:41:02,493:INFO:Total runtime is 0.2706670006116231 minutes
2021-06-21 23:41:02,498:INFO:SubProcess create_model() called ==================================
2021-06-21 23:41:02,499:INFO:Initializing create_model()
2021-06-21 23:41:02,499:INFO:create_model(estimator=xgboost, fold=KFold(n_splits=10, random_state=None, shuffle=False), round=4, cross_validation=True, predict=True, fit_kwargs={}, groups=None, refit=False, verbose=False, system=False, metrics=None, display=<pycaret.internal.Display.Display object at 0x000001507FE9A4C0>, kwargs={})
2021-06-21 23:41:02,499:INFO:Checking exceptions
2021-06-21 23:41:02,499:INFO:Importing libraries
2021-06-21 23:41:02,499:INFO:Copying training dataset
2021-06-21 23:41:02,499:INFO:Defining folds
2021-06-21 23:41:02,500:INFO:Declaring metric variables
2021-06-21 23:41:02,504:INFO:Importing untrained model
2021-06-21 23:41:02,510:INFO:Extreme Gradient Boosting Imported succesfully
2021-06-21 23:41:02,520:INFO:Starting cross validation
2021-06-21 23:41:02,521:INFO:Cross validating with KFold(n_splits=10, random_state=None, shuffle=False), n_jobs=-1
2021-06-21 23:41:03,726:INFO:Calculating mean and std
2021-06-21 23:41:03,727:INFO:Creating metrics dataframe
2021-06-21 23:41:03,731:INFO:Uploading results into container
2021-06-21 23:41:03,731:INFO:Uploading model into container now
2021-06-21 23:41:03,731:INFO:create_model_container: 16
2021-06-21 23:41:03,731:INFO:master_model_container: 16
2021-06-21 23:41:03,731:INFO:display_container: 2
2021-06-21 23:41:03,732:INFO:XGBRegressor(base_score=None, booster='gbtree', colsample_bylevel=None,
             colsample_bynode=None, colsample_bytree=None, gamma=None,
             gpu_id=None, importance_type='gain', interaction_constraints=None,
             learning_rate=None, max_delta_step=None, max_depth=None,
             min_child_weight=None, missing=nan, monotone_constraints=None,
             n_estimators=100, n_jobs=-1, num_parallel_tree=None,
             objective='reg:squarederror', random_state=42, reg_alpha=None,
             reg_lambda=None, scale_pos_weight=None, subsample=None,
             tree_method='auto', validate_parameters=None, verbosity=0)
2021-06-21 23:41:03,732:INFO:create_model() succesfully completed......................................
2021-06-21 23:41:03,826:INFO:SubProcess create_model() end ==================================
2021-06-21 23:41:03,826:INFO:Creating metrics dataframe
2021-06-21 23:41:03,842:INFO:Initializing Light Gradient Boosting Machine
2021-06-21 23:41:03,842:INFO:Total runtime is 0.29315034548441565 minutes
2021-06-21 23:41:03,848:INFO:SubProcess create_model() called ==================================
2021-06-21 23:41:03,848:INFO:Initializing create_model()
2021-06-21 23:41:03,848:INFO:create_model(estimator=lightgbm, fold=KFold(n_splits=10, random_state=None, shuffle=False), round=4, cross_validation=True, predict=True, fit_kwargs={}, groups=None, refit=False, verbose=False, system=False, metrics=None, display=<pycaret.internal.Display.Display object at 0x000001507FE9A4C0>, kwargs={})
2021-06-21 23:41:03,849:INFO:Checking exceptions
2021-06-21 23:41:03,849:INFO:Importing libraries
2021-06-21 23:41:03,849:INFO:Copying training dataset
2021-06-21 23:41:03,849:INFO:Defining folds
2021-06-21 23:41:03,849:INFO:Declaring metric variables
2021-06-21 23:41:03,854:INFO:Importing untrained model
2021-06-21 23:41:03,860:INFO:Light Gradient Boosting Machine Imported succesfully
2021-06-21 23:41:03,870:INFO:Starting cross validation
2021-06-21 23:41:03,871:INFO:Cross validating with KFold(n_splits=10, random_state=None, shuffle=False), n_jobs=-1
2021-06-21 23:41:04,004:INFO:Calculating mean and std
2021-06-21 23:41:04,005:INFO:Creating metrics dataframe
2021-06-21 23:41:04,009:INFO:Uploading results into container
2021-06-21 23:41:04,009:INFO:Uploading model into container now
2021-06-21 23:41:04,009:INFO:create_model_container: 17
2021-06-21 23:41:04,009:INFO:master_model_container: 17
2021-06-21 23:41:04,009:INFO:display_container: 2
2021-06-21 23:41:04,009:INFO:LGBMRegressor(boosting_type='gbdt', class_weight=None, colsample_bytree=1.0,
              importance_type='split', learning_rate=0.1, max_depth=-1,
              min_child_samples=20, min_child_weight=0.001, min_split_gain=0.0,
              n_estimators=100, n_jobs=-1, num_leaves=31, objective=None,
              random_state=42, reg_alpha=0.0, reg_lambda=0.0, silent=True,
              subsample=1.0, subsample_for_bin=200000, subsample_freq=0)
2021-06-21 23:41:04,009:INFO:create_model() succesfully completed......................................
2021-06-21 23:41:04,089:INFO:SubProcess create_model() end ==================================
2021-06-21 23:41:04,089:INFO:Creating metrics dataframe
2021-06-21 23:41:04,104:INFO:Initializing CatBoost Regressor
2021-06-21 23:41:04,104:INFO:Total runtime is 0.29751698970794677 minutes
2021-06-21 23:41:04,110:INFO:SubProcess create_model() called ==================================
2021-06-21 23:41:04,110:INFO:Initializing create_model()
2021-06-21 23:41:04,110:INFO:create_model(estimator=catboost, fold=KFold(n_splits=10, random_state=None, shuffle=False), round=4, cross_validation=True, predict=True, fit_kwargs={}, groups=None, refit=False, verbose=False, system=False, metrics=None, display=<pycaret.internal.Display.Display object at 0x000001507FE9A4C0>, kwargs={})
2021-06-21 23:41:04,110:INFO:Checking exceptions
2021-06-21 23:41:04,110:INFO:Importing libraries
2021-06-21 23:41:04,110:INFO:Copying training dataset
2021-06-21 23:41:04,111:INFO:Defining folds
2021-06-21 23:41:04,111:INFO:Declaring metric variables
2021-06-21 23:41:04,116:INFO:Importing untrained model
2021-06-21 23:41:04,121:INFO:CatBoost Regressor Imported succesfully
2021-06-21 23:41:04,130:INFO:Starting cross validation
2021-06-21 23:41:04,131:INFO:Cross validating with KFold(n_splits=10, random_state=None, shuffle=False), n_jobs=-1
2021-06-21 23:41:06,229:INFO:Calculating mean and std
2021-06-21 23:41:06,230:INFO:Creating metrics dataframe
2021-06-21 23:41:06,232:INFO:Uploading results into container
2021-06-21 23:41:06,232:INFO:Uploading model into container now
2021-06-21 23:41:06,232:INFO:create_model_container: 18
2021-06-21 23:41:06,232:INFO:master_model_container: 18
2021-06-21 23:41:06,232:INFO:display_container: 2
2021-06-21 23:41:06,233:INFO:<catboost.core.CatBoostRegressor object at 0x000001507FEBA2E0>
2021-06-21 23:41:06,233:INFO:create_model() succesfully completed......................................
2021-06-21 23:41:06,313:INFO:SubProcess create_model() end ==================================
2021-06-21 23:41:06,313:INFO:Creating metrics dataframe
2021-06-21 23:41:06,341:INFO:Initializing create_model()
2021-06-21 23:41:06,341:INFO:create_model(estimator=LGBMRegressor(boosting_type='gbdt', class_weight=None, colsample_bytree=1.0,
              importance_type='split', learning_rate=0.1, max_depth=-1,
              min_child_samples=20, min_child_weight=0.001, min_split_gain=0.0,
              n_estimators=100, n_jobs=-1, num_leaves=31, objective=None,
              random_state=42, reg_alpha=0.0, reg_lambda=0.0, silent=True,
              subsample=1.0, subsample_for_bin=200000, subsample_freq=0), fold=KFold(n_splits=10, random_state=None, shuffle=False), round=4, cross_validation=False, predict=False, fit_kwargs={}, groups=None, refit=True, verbose=False, system=False, metrics=None, display=None, kwargs={})
2021-06-21 23:41:06,341:INFO:Checking exceptions
2021-06-21 23:41:06,341:INFO:Importing libraries
2021-06-21 23:41:06,341:INFO:Copying training dataset
2021-06-21 23:41:06,341:INFO:Defining folds
2021-06-21 23:41:06,341:INFO:Declaring metric variables
2021-06-21 23:41:06,341:INFO:Importing untrained model
2021-06-21 23:41:06,341:INFO:Declaring custom model
2021-06-21 23:41:06,342:INFO:Light Gradient Boosting Machine Imported succesfully
2021-06-21 23:41:06,342:INFO:Cross validation set to False
2021-06-21 23:41:06,342:INFO:Fitting Model
2021-06-21 23:41:06,431:INFO:LGBMRegressor(boosting_type='gbdt', class_weight=None, colsample_bytree=1.0,
              importance_type='split', learning_rate=0.1, max_depth=-1,
              min_child_samples=20, min_child_weight=0.001, min_split_gain=0.0,
              n_estimators=100, n_jobs=-1, num_leaves=31, objective=None,
              random_state=42, reg_alpha=0.0, reg_lambda=0.0, silent=True,
              subsample=1.0, subsample_for_bin=200000, subsample_freq=0)
2021-06-21 23:41:06,431:INFO:create_models() succesfully completed......................................
2021-06-21 23:41:06,563:INFO:create_model_container: 18
2021-06-21 23:41:06,563:INFO:master_model_container: 18
2021-06-21 23:41:06,563:INFO:display_container: 2
2021-06-21 23:41:06,563:INFO:LGBMRegressor(boosting_type='gbdt', class_weight=None, colsample_bytree=1.0,
              importance_type='split', learning_rate=0.1, max_depth=-1,
              min_child_samples=20, min_child_weight=0.001, min_split_gain=0.0,
              n_estimators=100, n_jobs=-1, num_leaves=31, objective=None,
              random_state=42, reg_alpha=0.0, reg_lambda=0.0, silent=True,
              subsample=1.0, subsample_for_bin=200000, subsample_freq=0)
2021-06-21 23:41:06,564:INFO:compare_models() succesfully completed......................................
